#
# There is insufficient memory for the Java Runtime Environment to continue.
# Native memory allocation (mmap) failed to map 234881024 bytes. Error detail: G1 virtual space
# Possible reasons:
#   The system is out of physical RAM or swap space
#   This process is running with CompressedOops enabled, and the Java Heap may be blocking the growth of the native heap
# Possible solutions:
#   Reduce memory load on the system
#   Increase physical memory or swap space
#   Check if swap backing store is full
#   Decrease Java heap size (-Xmx/-Xms)
#   Decrease number of Java threads
#   Decrease Java thread stack sizes (-Xss)
#   Set larger code cache with -XX:ReservedCodeCacheSize=
#   JVM is running with Zero Based Compressed Oops mode in which the Java heap is
#     placed in the first 32GB address space. The Java Heap base address is the
#     maximum limit for the native heap growth. Please use -XX:HeapBaseMinAddress
#     to set the Java Heap base and to place the Java Heap above 32GB virtual address.
# This output file may be truncated or incomplete.
#
#  Out of Memory Error (os_windows.cpp:3616), pid=7128, tid=19096
#
# JRE version:  (21.0.5+11) (build )
# Java VM: OpenJDK 64-Bit Server VM (21.0.5+11-LTS, mixed mode, emulated-client, sharing, tiered, compressed oops, compressed class ptrs, g1 gc, windows-amd64)
# No core dump will be written. Minidumps are not enabled by default on client versions of Windows
#

---------------  S U M M A R Y ------------

Command Line: -XX:TieredStopAtLevel=1 -Dspring.output.ansi.enabled=always -Dcom.sun.management.jmxremote -Dspring.jmx.enabled=true -Dspring.liveBeansView.mbeanDomain -Dspring.application.admin.enabled=true -Dmanagement.endpoints.jmx.exposure.include=* -javaagent:S:\IntelliJ IDEA 2025.1.3\lib\idea_rt.jar=52096 -Dfile.encoding=UTF-8 -Dsun.stdout.encoding=UTF-8 -Dsun.stderr.encoding=UTF-8 com.armylima.Lima.LimaApplication

Host: AMD Ryzen 5 3550H with Radeon Vega Mobile Gfx  , 8 cores, 13G,  Windows 11 , 64 bit Build 26100 (10.0.26100.4768)
Time: Sun Jul 27 14:39:39 2025 India Standard Time elapsed time: 0.028135 seconds (0d 0h 0m 0s)

---------------  T H R E A D  ---------------

Current thread (0x00000207d0df4650):  JavaThread "Unknown thread" [_thread_in_vm, id=19096, stack(0x000000a638b00000,0x000000a638c00000) (1024K)]

Stack: [0x000000a638b00000,0x000000a638c00000]
Native frames: (J=compiled Java code, j=interpreted, Vv=VM code, C=native code)
V  [jvm.dll+0x6d9b69]
V  [jvm.dll+0x8b6073]
V  [jvm.dll+0x8b83ce]
V  [jvm.dll+0x8b8ab3]
V  [jvm.dll+0x286226]
V  [jvm.dll+0x6d62e5]
V  [jvm.dll+0x6ca94a]
V  [jvm.dll+0x35f47b]
V  [jvm.dll+0x367046]
V  [jvm.dll+0x3b92a6]
V  [jvm.dll+0x3b9578]
V  [jvm.dll+0x332b6c]
V  [jvm.dll+0x33385b]
V  [jvm.dll+0x87e359]
V  [jvm.dll+0x3c6461]
V  [jvm.dll+0x867673]
V  [jvm.dll+0x45a37e]
V  [jvm.dll+0x45c001]
C  [jli.dll+0x52ab]
C  [ucrtbase.dll+0x37b0]
C  [KERNEL32.DLL+0x2e8d7]
C  [ntdll.dll+0x3c34c]


---------------  P R O C E S S  ---------------

Threads class SMR info:
_java_thread_list=0x00007ffebece8088, length=0, elements={
}

Java Threads: ( => current thread )
Total: 0

Other Threads:
  0x00000207d135ceb0 WorkerThread "GC Thread#0"                     [id=6328, stack(0x000000a638c00000,0x000000a638d00000) (1024K)]
  0x00000207d136bcb0 ConcurrentGCThread "G1 Main Marker"            [id=13564, stack(0x000000a638d00000,0x000000a638e00000) (1024K)]
  0x00000207d136c6c0 WorkerThread "G1 Conc#0"                       [id=12844, stack(0x000000a638e00000,0x000000a638f00000) (1024K)]

[error occurred during error reporting (printing all threads), id 0xc0000005, EXCEPTION_ACCESS_VIOLATION (0xc0000005) at pc=0x00007ffebe3e5c27]
VM state: not at safepoint (not fully initialized)

VM Mutex/Monitor currently owned by a thread:  ([mutex/lock_event])
[0x00007ffebed5c420] Heap_lock - owner thread: 0x00000207d0df4650

Heap address: 0x0000000720e00000, size: 3570 MB, Compressed Oops mode: Zero based, Oop shift amount: 3

CDS archive(s) mapped at: [0x0000000000000000-0x0000000000000000-0x0000000000000000), size 0, SharedBaseAddress: 0x0000000800000000, ArchiveRelocationMode: 1.
Narrow klass base: 0x0000000000000000, Narrow klass shift: 0, Narrow klass range: 0x0

GC Precious Log:
 CardTable entry size: 512
 Card Set container configuration: InlinePtr #cards 4 size 8 Array Of Cards #cards 16 size 48 Howl #buckets 8 coarsen threshold 3686 Howl Bitmap #cards 512 size 80 coarsen threshold 460 Card regions per heap region 1 cards per card region 4096

Heap:
 garbage-first heap   total 0K, used 0K [0x0000000720e00000, 0x0000000800000000)
  region size 2048K, 0 young (0K), 0 survivors (0K)

[error occurred during error reporting (printing heap information), id 0xc0000005, EXCEPTION_ACCESS_VIOLATION (0xc0000005) at pc=0x00007ffebe7d3569]
GC Heap History (0 events):
No events

Dll operation events (1 events):
Event: 0.017 Loaded shared library C:\Users\RAZEEF\.jdks\corretto-21.0.5\bin\java.dll

Deoptimization events (0 events):
No events

Classes loaded (0 events):
No events

Classes unloaded (0 events):
No events

Classes redefined (0 events):
No events

Internal exceptions (0 events):
No events

ZGC Phase Switch (0 events):
No events

VM Operations (0 events):
No events

Memory protections (0 events):
No events

Nmethod flushes (0 events):
No events

Events (0 events):
No events


Dynamic libraries:
0x00007ff7a65d0000 - 0x00007ff7a65de000 	C:\Users\RAZEEF\.jdks\corretto-21.0.5\bin\java.exe
0x00007fff3c3e0000 - 0x00007fff3c647000 	C:\WINDOWS\SYSTEM32\ntdll.dll
0x00007fff3a270000 - 0x00007fff3a339000 	C:\WINDOWS\System32\KERNEL32.DLL
0x00007fff39770000 - 0x00007fff39b60000 	C:\WINDOWS\System32\KERNELBASE.dll
0x00007fff39e50000 - 0x00007fff39f9b000 	C:\WINDOWS\System32\ucrtbase.dll
0x00007fff05210000 - 0x00007fff0522b000 	C:\Users\RAZEEF\.jdks\corretto-21.0.5\bin\VCRUNTIME140.dll
0x00007fff12c50000 - 0x00007fff12c68000 	C:\Users\RAZEEF\.jdks\corretto-21.0.5\bin\jli.dll
0x00007fff3a340000 - 0x00007fff3a505000 	C:\WINDOWS\System32\USER32.dll
0x00007fff27d50000 - 0x00007fff27fea000 	C:\WINDOWS\WinSxS\amd64_microsoft.windows.common-controls_6595b64144ccf1df_6.0.26100.4768_none_3e0c112ce331287c\COMCTL32.dll
0x00007fff39510000 - 0x00007fff39537000 	C:\WINDOWS\System32\win32u.dll
0x00007fff3c2f0000 - 0x00007fff3c399000 	C:\WINDOWS\System32\msvcrt.dll
0x00007fff3a590000 - 0x00007fff3a5bb000 	C:\WINDOWS\System32\GDI32.dll
0x00007fff39fa0000 - 0x00007fff3a0d8000 	C:\WINDOWS\System32\gdi32full.dll
0x00007fff39540000 - 0x00007fff395e3000 	C:\WINDOWS\System32\msvcp_win.dll
0x00007fff3a730000 - 0x00007fff3a75f000 	C:\WINDOWS\System32\IMM32.DLL
0x00007fff20130000 - 0x00007fff2013c000 	C:\Users\RAZEEF\.jdks\corretto-21.0.5\bin\vcruntime140_1.dll
0x00007ffee1810000 - 0x00007ffee189d000 	C:\Users\RAZEEF\.jdks\corretto-21.0.5\bin\msvcp140.dll
0x00007ffebe0a0000 - 0x00007ffebee3d000 	C:\Users\RAZEEF\.jdks\corretto-21.0.5\bin\server\jvm.dll
0x00007fff3bd90000 - 0x00007fff3be44000 	C:\WINDOWS\System32\ADVAPI32.dll
0x00007fff3c0b0000 - 0x00007fff3c156000 	C:\WINDOWS\System32\sechost.dll
0x00007fff3afe0000 - 0x00007fff3b0f8000 	C:\WINDOWS\System32\RPCRT4.dll
0x00007fff3b4a0000 - 0x00007fff3b514000 	C:\WINDOWS\System32\WS2_32.dll
0x00007fff39390000 - 0x00007fff393ee000 	C:\WINDOWS\SYSTEM32\POWRPROF.dll
0x00007fff30960000 - 0x00007fff30995000 	C:\WINDOWS\SYSTEM32\WINMM.dll
0x00007fff325e0000 - 0x00007fff325eb000 	C:\WINDOWS\SYSTEM32\VERSION.dll
0x00007fff39370000 - 0x00007fff39384000 	C:\WINDOWS\SYSTEM32\UMPDC.dll
0x00007fff38290000 - 0x00007fff382ab000 	C:\WINDOWS\SYSTEM32\kernel.appcore.dll
0x00007fff1c540000 - 0x00007fff1c54a000 	C:\Users\RAZEEF\.jdks\corretto-21.0.5\bin\jimage.dll
0x00007fff29da0000 - 0x00007fff29fe1000 	C:\WINDOWS\SYSTEM32\DBGHELP.DLL
0x00007fff3b520000 - 0x00007fff3b8a5000 	C:\WINDOWS\System32\combase.dll
0x00007fff3a640000 - 0x00007fff3a720000 	C:\WINDOWS\System32\OLEAUT32.dll
0x00007fff271b0000 - 0x00007fff271f3000 	C:\WINDOWS\SYSTEM32\dbgcore.DLL
0x00007fff39b70000 - 0x00007fff39c09000 	C:\WINDOWS\System32\bcryptPrimitives.dll
0x00007fff1ba40000 - 0x00007fff1ba4e000 	C:\Users\RAZEEF\.jdks\corretto-21.0.5\bin\instrument.dll
0x00007fff04b50000 - 0x00007fff04b6f000 	C:\Users\RAZEEF\.jdks\corretto-21.0.5\bin\java.dll

dbghelp: loaded successfully - version: 4.0.5 - missing functions: none
symbol engine: initialized successfully - sym options: 0x614 - pdb path: .;C:\Users\RAZEEF\.jdks\corretto-21.0.5\bin;C:\WINDOWS\SYSTEM32;C:\WINDOWS\WinSxS\amd64_microsoft.windows.common-controls_6595b64144ccf1df_6.0.26100.4768_none_3e0c112ce331287c;C:\Users\RAZEEF\.jdks\corretto-21.0.5\bin\server

VM Arguments:
jvm_args: -XX:TieredStopAtLevel=1 -Dspring.output.ansi.enabled=always -Dcom.sun.management.jmxremote -Dspring.jmx.enabled=true -Dspring.liveBeansView.mbeanDomain -Dspring.application.admin.enabled=true -Dmanagement.endpoints.jmx.exposure.include=* -javaagent:S:\IntelliJ IDEA 2025.1.3\lib\idea_rt.jar=52096 -Dfile.encoding=UTF-8 -Dsun.stdout.encoding=UTF-8 -Dsun.stderr.encoding=UTF-8 
java_command: com.armylima.Lima.LimaApplication
java_class_path (initial): S:\BackendStuff\Lima\build\classes\java\main;S:\BackendStuff\Lima\build\resources\main;C:\Users\RAZEEF\.gradle\caches\modules-2\files-2.1\org.projectlombok\lombok\1.18.38\57f8f5e02e92a30fd21b80cbd426a4172b5f8e29\lombok-1.18.38.jar;C:\Users\RAZEEF\.gradle\caches\modules-2\files-2.1\org.springframework.boot\spring-boot-starter-data-jpa\3.5.4\866e11ae6a920a20a766a903693a9efbec83d388\spring-boot-starter-data-jpa-3.5.4.jar;C:\Users\RAZEEF\.gradle\caches\modules-2\files-2.1\org.springframework.boot\spring-boot-starter-oauth2-resource-server\3.5.4\21ce0e22c99a370f2368812ac1e483e589cb5431\spring-boot-starter-oauth2-resource-server-3.5.4.jar;C:\Users\RAZEEF\.gradle\caches\modules-2\files-2.1\org.springframework.boot\spring-boot-starter-security\3.5.4\d4a053f1b0e4e63ca11ced7b3b5b58d0315bd5e\spring-boot-starter-security-3.5.4.jar;C:\Users\RAZEEF\.gradle\caches\modules-2\files-2.1\org.springframework.boot\spring-boot-starter-web\3.5.4\d8faea8d3235bd8752b71ea127bc4ffeda6a74cd\spring-boot-starter-web-3.5.4.jar;C:\Users\RAZEEF\.gradle\caches\modules-2\files-2.1\org.springframework.boot\spring-boot-starter\3.5.4\442c481e474a4ae6ba2524df3d56b344eb163b0f\spring-boot-starter-3.5.4.jar;C:\Users\RAZEEF\.gradle\caches\modules-2\files-2.1\org.modelmapper\modelmapper\3.2.0\7664b15466a898625b394af6000439c5799a5d2b\modelmapper-3.2.0.jar;C:\Users\RAZEEF\.gradle\caches\modules-2\files-2.1\com.fasterxml.jackson.core\jackson-databind\2.17.0\7173e9e1d4bc6d7ca03bc4eeedcd548b8b580b34\jackson-databind-2.17.0.jar;C:\Users\RAZEEF\.gradle\caches\modules-2\files-2.1\io.jsonwebtoken\jjwt-api\0.11.5\f742940045619d06383e7df37b21ac422b476cf1\jjwt-api-0.11.5.jar;C:\Users\RAZEEF\.gradle\caches\modules-2\files-2.1\org.springframework.boot\spring-boot-starter-jdbc\3.5.4\8d04d12a7e011ee5e1ddc8553b4564b62da2f18b\spring-boot-starter-jdbc-3.5.4.jar;C:\Users\RAZEEF\.gradle\caches\modules-2\files-2.1\org.springframework.data\spring-data-jpa\3.5.2\bf10cfac6bf849ac93c7888f8fd3340feee156de\spring-data-jpa-3.5.2.jar;C:\Users\RAZEEF\.gradle\caches\modules-2\files-2.1\org.hibernate.orm\hibernate-core\6.6.22.Final\6588dca0d86f402ae041ab482deabb74a46b8772\hibernate-core-6.6.22.Final.jar;C:\Users\RAZEEF\.gradle\caches\modules-2\files-2.1\org.springframework\spring-aspects\6.2.9\6de0395ee57dd21639dab88e855f01855eb7e750\spring-aspects-6.2.9.jar;C:\Users\RAZEEF\.gradle\caches\modules-2\files-2.1\org.springframework.security\spring-security-config\6.5.2\3aaa828736fa3bb8961a565d705883fe4f7145a\spring-security-config-6.5.2.jar;C:\Users\RAZEEF\.gradle\caches\modules-2\files-2.1\org.springframework.security\spring-security-oauth2-resource-server\6.5.2\3bfc83a69926b8c2fd4497ea20f7f744032fb2d1\spring-security-oauth2-resource-server-6.5.2.jar;C:\Users\RAZEEF\.gradle\caches\modules-2\files-2.1\org.springframework.security\spring-security-oauth2-jose\6.5.2\ed8004d9d9048fd517c043f3f6f334227a360083\spring-security-oauth2-jose-6.5.2.jar;C:\Users\RAZEEF\.gradle\caches\modules-2\files-2.1\org.springframework.security\spring-security-core\6.5.2\8be5724ba4f395cacb5ab23e64a08d5e89a57465\spring-security-core-6.5.2.jar;C:\Users\RAZEEF\.gradle\caches\modules-2\files-2.1\org.springframework.security\spring-security-web\6.5.2\1b9a08ee1ff56ed0f7403c3cd836309363907c1b\spring-security-web-6.5.2.jar;C:\Users\RAZEEF\.gradle\caches\modules-2\files-2.1\org.springframework\spring-aop\6.2.9\9a4c4a61dd560bf8749aea283ce67f2e255bb286\spring-aop-6.2.9.jar;C:\Users\RAZEEF\.gradle\caches\modules-2\files-2.1\org.springframework.boot\spring-boot-starter-json\3.5.4\bea0574541ef01026e112dc9946cb8bbb10ddf4b\spring-boot-starter-json-3.5.4.jar;C:\Users\RAZEEF\.gradle\caches\modules-2\files-2.1\org.springframework.boot\spring-boot-starter-tomcat\3.5.4\fff8efcbbbccc842d9158bac404471683c05b305\spring-boot-starter-tomcat-3.5.4.jar;C:\Users\RAZEEF\.gradle\caches\modules-2\files-2.1\org.springframework\spring-webmvc\6.2.9\622208b4388c0f1f6cdadd5f477facf4b30e13d3\spring-webmvc-6.2.9.jar;C:\Users\RAZEEF\.gradle\caches\modules-2\files-2.1\org.springframework\spring-web\6.2.9\ff0c61246f4abadc5a4ac2c1b2321d374a476254\spring-web-6.2.9.jar;C:\Users\RAZEEF\.gradle\caches\modules-2\files-2.1\org.springframework.boot\spring-boot-autoconfigure\3.5.4\3039bcc94e4cb32faf9306df982e5b8cd1d95eca\spring-boot-autoconfigure-3.5.4.jar;C:\Users\RAZEEF\.gradle\caches\modules-2\files-2.1\org.springframework.boot\spring-boot\3.5.4\a6fedec8de3c937fc7ea9dd47340bdee29c94af\spring-boot-3.5.4.jar;C:\Users\RAZEEF\.gradle\caches\modules-2\files-2.1\org.springframework.boot\spring-boot-starter-logging\3.5.4\9c007e596b63aace6f62b4109c65770422919138\spring-boot-starter-logging-3.5.4.jar;C:\Users\RAZEEF\.gradle\caches\modules-2\files-2.1\jakarta.annotation\jakarta.annotation-api\2.1.1\48b9bda22b091b1f48b13af03fe36db3be6e1ae3\jakarta.annotation-api-2.1.1.jar;C:\Users\RAZEEF\.gradle\caches\modules-2\files-2.1\org.springframework\spring-core\6.2.9\91f5fd4cc7f0bfd27d7b2a5f51b0193ec22c8712\spring-core-6.2.9.jar;C:\Users\RAZEEF\.gradle\caches\modules-2\files-2.1\org.yaml\snakeyaml\2.4\e0666b825b796f85521f02360e77f4c92c5a7a07\snakeyaml-2.4.jar;C:\Users\RAZEEF\.gradle\caches\modules-2\files-2.1\com.mysql\mysql-connector-j\9.3.0\6dbc33cd9534ec2715a8269fced1cd872630999d\mysql-connector-j-9.3.0.jar;C:\Users\RAZEEF\.gradle\caches\modules-2\files-2.1\com.fasterxml.jackson.core\jackson-annotations\2.19.2\c5381f11988ae3d424b197a26087d86067b6d7d\jackson-annotations-2.19.2.jar;C:\Users\RAZEEF\.gradle\caches\modules-2\files-2.1\com.fasterxml.jackson.core\jackson-core\2.19.2\50f3b4bd59b9ff51a0ed493e7b5abaf5c39709bf\jackson-core-2.19.2.jar;C:\Users\RAZEEF\.gradle\caches\modules-2\files-2.1\net.bytebuddy\byte-buddy\1.17.6\8c70cbc6950b2ae5291a98d5003e06406d633803\byte-buddy-1.17.6.jar;C:\Users\RAZEEF\.gradle\caches\modules-2\files-2.1\org.springframework\spring-jdbc\6.2.9\a5e8d3e8be846a02b398d023e3658e5278972e51\spring-jdbc-6.2.9.jar;C:\Users\RAZEEF\.gradle\caches\modules-2\files-2.1\com.zaxxer\HikariCP\6.3.1\411b6c8ae6eb4e2bae7f1b52ec5df58b29dd7905\HikariCP-6.3.1.jar;C:\Users\RAZEEF\.gradle\caches\modules-2\files-2.1\org.springframework\spring-context\6.2.9\6a138a66f3ba69d2234e731d6fb10061d28977e\spring-context-6.2.9.jar;C:\Users\RAZEEF\.gradle\caches\modules-2\files-2.1\org.springframework\spring-orm\6.2.9\addd0ffdc72c37ad13b49738fe095dafd2364edd\spring-orm-6.2.9.jar;C:\Users\RAZEEF\.gradle\caches\modules-2\files-2.1\org.springframework.data\spring-data-commons\3.5.2\37a68fd8dfda423ce55d5cb0941cba7d9ba023ce\spring-data-commons-3.5.2.jar;C:\Users\RAZEEF\.gradle\caches\modules-2\files-2.1\org.springframework\spring-tx\6.2.9\c2acdd50e5d1aefc07136f1e5551c9a54310bb06\spring-tx-6.2.9.jar;C:\Users\RAZEEF\.gradle\caches\modules-2\files-2.1\org.springframework\spring-beans\6.2.9\e3b86115a856789c654eafe5e625f95679f8035f\spring-beans-6.2.9.jar;C:\Users\RAZEEF\.gradle\caches\modules-2\files-2.1\org.antlr\antlr4-runtime\4.13.0\5a02e48521624faaf5ff4d99afc88b01686af655\antlr4-runtime-4.13.0.jar;C:\Users\RAZEEF\.gradle\caches\modules-2\files-2.1\org.slf4j\slf4j-api\2.0.17\d9e58ac9c7779ba3bf8142aff6c830617a7fe60f\slf4j-api-2.0.17.jar;C:\Users\RAZEEF\.gradle\caches\modules-2\files-2.1\jakarta.persistence\jakarta.persistence-api\3.1.0\66901fa1c373c6aff65c13791cc11da72060a8d6\jakarta.persistence-api-3.1.0.jar;C:\Users\RAZEEF\.gradle\caches\modules-2\files-2.1\jakarta.transaction\jakarta.transaction-api\2.0.1\51a520e3fae406abb84e2e1148e6746ce3f80a1a\jakarta.transaction-api-2.0.1.jar;C:\Users\RAZEEF\.gradle\caches\modules-2\files-2.1\org.aspectj\aspectjweaver\1.9.24\9b5aeb0cea9f958b9c57fb80e62996e95a3e9379\aspectjweaver-1.9.24.jar;C:\Users\RAZEEF\.gradle\caches\modules-2\files-2.1\org.springframework.security\spring-security-oauth2-core\6.5.2\fb9db845f75a69ed5e349c4c0606de287f5ff073\spring-security-oauth2-core-6.5.2.jar;C:\Users\RAZEEF\.gradle\caches\modules-2\files-2.1\com.nimbusds\nimbus-jose-jwt\9.37.3\700f71ffefd60c16bd8ce711a956967ea9071cec\nimbus-jose-jwt-9.37.3.jar;C:\Users\RAZEEF\.gradle\caches\modules-2\files-2.1\org.springframework\spring-expression\6.2.9\e931accc74e2b3b51d44423524a4a3a295254c4a\spring-expression-6.2.9.jar;C:\Users\RAZEEF\.gradle\caches\modules-2\files-2.1\org.springframework.security\spring-security-crypto\6.5.2\be68afd130378efc6e3824168af4add3431bb0ee\spring-security-crypto-6.5.2.jar;C:\Users\RAZEEF\.gradle\caches\modules-2\files-2.1\io.micrometer\micrometer-observation\1.15.2\43a0e4b9dad3f03d6dbcaa87b6e3714c4b97cd99\micrometer-observation-1.15.2.jar;C:\Users\RAZEEF\.gradle\caches\modules-2\files-2.1\com.fasterxml.jackson.datatype\jackson-datatype-jsr310\2.19.2\72e73f048b36d9df82aef146bf8b2ae63b2e28e2\jackson-datatype-jsr310-2.19.2.jar;C:\Users\RAZEEF\.gradle\caches\modules-2\files-2.1\com.fasterxml.jackson.module\jackson-module-parameter-names\2.19.2\3c4ce467c11364c72ec4967c570fd5a2d1be1d0b\jackson-module-parameter-names-2.19.2.jar;C:\Users\RAZEEF\.gradle\caches\modules-2\files-2.1\com.fasterxml.jackson.datatype\jackson-datatype-jdk8\2.19.2\a720d3946c3a1ab04b780f3b3163d62eee6948a0\jackson-datatype-jdk8-2.19.2.jar;C:\Users\RAZEEF\.gradle\caches\modules-2\files-2.1\org.apache.tomcat.embed\tomcat-embed-websocket\10.1.43\275ae1e1d3b13cfb7749b143e585837e7cd1f66d\tomcat-embed-websocket-10.1.43.jar;C:\Users\RAZEEF\.gradle\caches\modules-2\files-2.1\org.apache.tomcat.embed\tomcat-embed-core\10.1.43\cfccfd242d640e9a1c0c8a4d6926ca5b4d9c714b\tomcat-embed-core-10.1.43.jar;C:\Users\RAZEEF\.gradle\caches\modules-2\files-2.1\org.apache.tomcat.embed\tomcat-embed-el\10.1.43\9c045c72e99ff21be55768e5ceeb8869f9c3f24c\tomcat-embed-el-10.1.43.jar;C:\Users\RAZEEF\.gradle\caches\modules-2\files-2.1\ch.qos.logback\logback-classic\1.5.18\fc371f3fc97a639de2d67947cffb7518ec5e3d40\logback-classic-1.5.18.jar;C:\Users\RAZEEF\.gradle\caches\modules-2\files-2.1\org.apache.logging.log4j\log4j-to-slf4j\2.24.3\da1143e2a2531ee1c2d90baa98eb50a28a39d5a7\log4j-to-slf4j-2.24.3.jar;C:\Users\RAZEEF\.gradle\caches\modules-2\files-2.1\org.slf4j\jul-to-slf4j\2.0.17\524cb6ccc2b68a57604750e1ab8b13b5a786a6aa\jul-to-slf4j-2.0.17.jar;C:\Users\RAZEEF\.gradle\caches\modules-2\files-2.1\org.springframework\spring-jcl\6.2.9\8959aa4b32d307c8cbfbd99220e41ddb1d070470\spring-jcl-6.2.9.jar;C:\Users\RAZEEF\.gradle\caches\modules-2\files-2.1\com.github.stephenc.jcip\jcip-annotations\1.0-1\ef31541dd28ae2cefdd17c7ebf352d93e9058c63\jcip-annotations-1.0-1.jar;C:\Users\RAZEEF\.gradle\caches\modules-2\files-2.1\io.micrometer\micrometer-commons\1.15.2\98e1ce7efa22b82e012d781db74ca54e5fbc730a\micrometer-commons-1.15.2.jar;C:\Users\RAZEEF\.gradle\caches\modules-2\files-2.1\ch.qos.logback\logback-core\1.5.18\6c0375624f6f36b4e089e2488ba21334a11ef13f\logback-core-1.5.18.jar;C:\Users\RAZEEF\.gradle\caches\modules-2\files-2.1\org.apache.logging.log4j\log4j-api\2.24.3\b02c125db8b6d295adf72ae6e71af5d83bce2370\log4j-api-2.24.3.jar;C:\Users\RAZEEF\.gradle\caches\modules-2\files-2.1\org.springframework.boot\spring-boot-devtools\3.5.4\34da239c961f20c8962ee3069e28e703baed1895\spring-boot-devtools-3.5.4.jar;C:\Users\RAZEEF\.gradle\caches\modules-2\files-2.1\io.jsonwebtoken\jjwt-jackson\0.11.5\3b83a06809e98a69402d7333dcf67df6f6ea4579\jjwt-jackson-0.11.5.jar;C:\Users\RAZEEF\.gradle\caches\modules-2\files-2.1\io.jsonwebtoken\jjwt-impl\0.11.5\40a599f0e8a8e4e0701596fbb15e67bfda64fdf0\jjwt-impl-0.11.5.jar;C:\Users\RAZEEF\.gradle\caches\modules-2\files-2.1\org.jboss.logging\jboss-logging\3.6.1.Final\886afbb445b4016a37c8960a7aef6ebd769ce7e5\jboss-logging-3.6.1.Final.jar;C:\Users\RAZEEF\.gradle\caches\modules-2\files-2.1\org.hibernate.common\hibernate-commons-annotations\7.0.3.Final\e183c4be8bb41d12e9f19b374e00c34a0a85f439\hibernate-commons-annotations-7.0.3.Final.jar;C:\Users\RAZEEF\.gradle\caches\modules-2\files-2.1\io.smallrye\jandex\3.2.0\f17ad860f62a08487b9edabde608f8ac55c62fa7\jandex-3.2.0.jar;C:\Users\RAZEEF\.gradle\caches\modules-2\files-2.1\com.fasterxml\classmate\1.7.0\e98374da1f2143ac8e6e0a95036994bb19137a3\classmate-1.7.0.jar;C:\Users\RAZEEF\.gradle\caches\modules-2\files-2.1\org.glassfish.jaxb\jaxb-runtime\4.0.5\ca84c2a7169b5293e232b9d00d1e4e36d4c3914a\jaxb-runtime-4.0.5.jar;C:\Users\RAZEEF\.gradle\caches\modules-2\files-2.1\jakarta.xml.bind\jakarta.xml.bind-api\4.0.2\6cd5a999b834b63238005b7144136379dc36cad2\jakarta.xml.bind-api-4.0.2.jar;C:\Users\RAZEEF\.gradle\caches\modules-2\files-2.1\jakarta.inject\jakarta.inject-api\2.0.1\4c28afe1991a941d7702fe1362c365f0a8641d1e\jakarta.inject-api-2.0.1.jar;C:\Users\RAZEEF\.gradle\caches\modules-2\files-2.1\org.glassfish.jaxb\jaxb-core\4.0.5\7b4b11ea5542eea4ad55e1080b23be436795b3\jaxb-core-4.0.5.jar;C:\Users\RAZEEF\.gradle\caches\modules-2\files-2.1\jakarta.activation\jakarta.activation-api\2.1.3\fa165bd70cda600368eee31555222776a46b881f\jakarta.activation-api-2.1.3.jar;C:\Users\RAZEEF\.gradle\caches\modules-2\files-2.1\org.eclipse.angus\angus-activation\2.0.2\41f1e0ddd157c856926ed149ab837d110955a9fc\angus-activation-2.0.2.jar;C:\Users\RAZEEF\.gradle\caches\modules-2\files-2.1\org.glassfish.jaxb\txw2\4.0.5\f36a4ef12120a9bb06d766d6a0e54b144fd7ed98\txw2-4.0.5.jar;C:\Users\RAZEEF\.gradle\caches\modules-2\files-2.1\com.sun.istack\istack-commons-runtime\4.1.2\18ec117c85f3ba0ac65409136afa8e42bc74e739\istack-commons-runtime-4.1.2.jar
Launcher Type: SUN_STANDARD

[Global flags]
     intx CICompilerCount                          = 4                                         {product} {ergonomic}
     uint ConcGCThreads                            = 2                                         {product} {ergonomic}
     uint G1ConcRefinementThreads                  = 8                                         {product} {ergonomic}
   size_t G1HeapRegionSize                         = 2097152                                   {product} {ergonomic}
    uintx GCDrainStackTargetSize                   = 64                                        {product} {ergonomic}
   size_t InitialHeapSize                          = 234881024                                 {product} {ergonomic}
     bool ManagementServer                         = true                                      {product} {command line}
   size_t MarkStackSize                            = 4194304                                   {product} {ergonomic}
   size_t MaxHeapSize                              = 3743416320                                {product} {ergonomic}
   size_t MinHeapDeltaBytes                        = 2097152                                   {product} {ergonomic}
   size_t MinHeapSize                              = 8388608                                   {product} {ergonomic}
    uintx NonNMethodCodeHeapSize                   = 4096                                   {pd product} {ergonomic}
    uintx NonProfiledCodeHeapSize                  = 0                                      {pd product} {ergonomic}
     bool ProfileInterpreter                       = false                                  {pd product} {command line}
    uintx ProfiledCodeHeapSize                     = 0                                      {pd product} {ergonomic}
   size_t SoftMaxHeapSize                          = 3743416320                             {manageable} {ergonomic}
     intx TieredStopAtLevel                        = 1                                         {product} {command line}
     bool UseCompressedOops                        = true                           {product lp64_product} {ergonomic}
     bool UseG1GC                                  = true                                      {product} {ergonomic}
     bool UseLargePagesIndividualAllocation        = false                                  {pd product} {ergonomic}

Logging:
Log output configuration:
 #0: stdout all=warning uptime,level,tags foldmultilines=false
 #1: stderr all=off uptime,level,tags foldmultilines=false

Environment Variables:
PATH=C:\Program Files\Common Files\Oracle\Java\javapath;C:\WINDOWS\system32;C:\WINDOWS;C:\WINDOWS\System32\Wbem;C:\WINDOWS\System32\WindowsPowerShell\v1.0\;C:\WINDOWS\System32\OpenSSH\;C:\Program Files\Microsoft VS Code\bin;C:\Program Files\Git\cmd;"C:\Program Files\Apache\apache-maven-3.9.9"\bin;S:\gradle-8.14.1\bin;C:\Program Files\Docker\Docker\resources\bin;C:\Users\RAZEEF\AppData\Local\Programs\Python\Python313;C:\Users\RAZEEF\AppData\Local\Programs\Python\Python313\Scripts;S:\flutter\bin;C:\Users\RAZEEF\AppData\Local\Programs\Python\Launcher\;C:\Users\RAZEEF\AppData\Local\Microsoft\WindowsApps;C:\MinGW\bin;S:\CLion 2024.3.1.1\bin;;C:\Program Files\Apache\maven-mvnd-1.0.2-windows-amd64\bin;C:\Users\RAZEEF\AppData\Local\Programs\Python\Python313;C:\Users\RAZEEF\AppData\Local\Programs\Python\Python313\Scripts;
USERNAME=RAZEEF
OS=Windows_NT
PROCESSOR_IDENTIFIER=AMD64 Family 23 Model 24 Stepping 1, AuthenticAMD
TMP=S:\flutter\temp
TEMP=S:\flutter\temp




Periodic native trim disabled

---------------  S Y S T E M  ---------------

OS:
 Windows 11 , 64 bit Build 26100 (10.0.26100.4768)
OS uptime: 2 days 15:41 hours
Hyper-V role detected

CPU: total 8 (initial active 8) (8 cores per cpu, 2 threads per core) family 23 model 24 stepping 1 microcode 0x8108102, cx8, cmov, fxsr, ht, mmx, 3dnowpref, sse, sse2, sse3, ssse3, sse4a, sse4.1, sse4.2, popcnt, lzcnt, tsc, tscinvbit, avx, avx2, aes, clmul, bmi1, bmi2, adx, sha, fma, vzeroupper, clflush, clflushopt, hv, rdtscp, f16c
Processor Information for all 8 processors :
  Max Mhz: 2100, Current Mhz: 2100, Mhz Limit: 2100

Memory: 4k page, system-wide physical 14273M (1837M free)
TotalPageFile size 22100M (AvailPageFile size 211M)
current process WorkingSet (physical memory assigned to process): 13M, peak: 13M
current process commit charge ("private bytes"): 55M, peak: 279M

vm_info: OpenJDK 64-Bit Server VM (21.0.5+11-LTS) for windows-amd64 JRE (21.0.5+11-LTS), built on 2024-10-11T20:58:34Z by "Administrator" with MS VC++ 16.10 / 16.11 (VS2019)

END.
